<?xml version="1.0" encoding="UTF-8"?>
<testng-results ignored="0" total="1" passed="1" failed="0" skipped="0">
  <reporter-output>
  </reporter-output>
  <suite started-at="2020-08-08T21:13:32 EDT" name="Suite" finished-at="2020-08-08T21:13:43 EDT" duration-ms="11713">
    <groups>
    </groups>
    <test started-at="2020-08-08T21:13:32 EDT" name="Test" finished-at="2020-08-08T21:13:43 EDT" duration-ms="11713">
      <class name="basictest.BasicApiTestDemo">
        <test-method signature="verifyAPIFlow()[pri:0, instance:basictest.BasicApiTestDemo@6b419da]" started-at="2020-08-08T21:13:32 EDT" name="verifyAPIFlow" finished-at="2020-08-08T21:13:43 EDT" duration-ms="11639" status="PASS">
          <reporter-output>
          </reporter-output>
        </test-method> <!-- verifyAPIFlow -->
      </class> <!-- basictest.BasicApiTestDemo -->
    </test> <!-- Test -->
  </suite> <!-- Suite -->
</testng-results>
